<?xml version="1.0" encoding="UTF-8"?>
<!-- Generated by org.testng.reporters.JUnitXMLReporter -->
<testsuite ignored="0" hostname="LAPTOP-GD7PLSS3" failures="0" tests="4" name="User Management Tests" time="1.852" errors="0" timestamp="2025-11-03T22:21:27 IST">
  <testcase classname="com.qaautomation.tests.GetUsersTest" name="testGetAllUsers" time="1.677"/>
  <testcase classname="com.qaautomation.tests.PostUserTest" name="testCreateUser" time="0.063"/>
  <testcase classname="com.qaautomation.tests.UpdateUserTest" name="testUpdateUser" time="0.025"/>
  <testcase classname="com.qaautomation.tests.DeleteUserTest" name="testDeleteUser" time="0.024"/>
</testsuite> <!-- User Management Tests -->
